<?xml version="1.0" encoding="UTF-8"?>
<!-- Generated by org.testng.reporters.JUnitXMLReporter -->
<testsuite ignored="0" hostname="Admin" failures="0" tests="4" name="Test" time="43.835" errors="0" timestamp="2020-09-17T15:51:11 IST">
  <testcase classname="RiyazProject.TestExecutionPage" name="basePageNavigation" time="3.577"/>
  <testcase classname="RiyazProject.TestExecutionPage" name="basePageNavigation" time="2.96"/>
  <testcase classname="RiyazProject.validationNavigationBar" name="basePageNavigation" time="0.093"/>
  <testcase classname="RiyazProject.validationTitle" name="basePageNavigation" time="0.039"/>
</testsuite> <!-- Test -->
