<?xml version="1.0" encoding="UTF-8"?>
<!-- Generated by org.testng.reporters.JUnitXMLReporter -->
<testsuite ignored="0" hostname="Admin" failures="0" tests="2" name="Validation of login details" time="16.104" errors="0" timestamp="2020-09-18T13:40:45 IST">
  <testcase classname="RiyazProject.TestExecutionPage" name="basePageNavigation" time="2.629"/>
  <testcase classname="RiyazProject.TestExecutionPage" name="basePageNavigation" time="2.23"/>
</testsuite> <!-- Validation of login details -->
