<?xml version="1.0" encoding="UTF-8"?>
<!-- Generated by org.testng.reporters.JUnitXMLReporter -->
<testsuite hostname="Admin" ignored="0" name="Test" tests="4" failures="0" timestamp="2020-09-17T16:44:07 IST" time="47.631" errors="0">
  <testcase name="basePageNavigation" time="6.467" classname="RiyazProject.TestExecutionPage"/>
  <testcase name="basePageNavigation" time="2.819" classname="RiyazProject.TestExecutionPage"/>
  <testcase name="basePageNavigation" time="0.106" classname="RiyazProject.validationNavigationBar"/>
  <testcase name="basePageNavigation" time="0.386" classname="RiyazProject.validationTitle"/>
</testsuite> <!-- Test -->
